#
# There is insufficient memory for the Java Runtime Environment to continue.
# Native memory allocation (malloc) failed to allocate 1150288 bytes for Chunk::new
# Possible reasons:
#   The system is out of physical RAM or swap space
#   In 32 bit mode, the process size limit was hit
# Possible solutions:
#   Reduce memory load on the system
#   Increase physical memory or swap space
#   Check if swap backing store is full
#   Use 64 bit Java on a 64 bit OS
#   Decrease Java heap size (-Xmx/-Xms)
#   Decrease number of Java threads
#   Decrease Java thread stack sizes (-Xss)
#   Set larger code cache with -XX:ReservedCodeCacheSize=
# This output file may be truncated or incomplete.
#
#  Out of Memory Error (allocation.cpp:323), pid=12188, tid=12244
#
# JRE version: Java(TM) SE Runtime Environment (7.0_45-b18) (build 1.7.0_45-b18)
# Java VM: Java HotSpot(TM) 64-Bit Server VM (24.45-b08 mixed mode windows-amd64 compressed oops)
# Failed to write core dump. Minidumps are not enabled by default on client versions of Windows
#

---------------  T H R E A D  ---------------

Current thread (0x0000000008ab6800):  JavaThread "C2 CompilerThread1" daemon [_thread_in_native, id=12244, stack(0x000000000a120000,0x000000000a220000)]

Stack: [0x000000000a120000,0x000000000a220000]

Current CompileTask:
C2:   4032  313   !         com.android.dx.cf.code.BytecodeArray::parseInstruction (2764 bytes)


---------------  P R O C E S S  ---------------

Java Threads: ( => current thread )
  0x0000000008ac6000 JavaThread "Service Thread" daemon [_thread_blocked, id=3864, stack(0x000000000a220000,0x000000000a320000)]
=>0x0000000008ab6800 JavaThread "C2 CompilerThread1" daemon [_thread_in_native, id=12244, stack(0x000000000a120000,0x000000000a220000)]
  0x0000000008ab4800 JavaThread "C2 CompilerThread0" daemon [_thread_in_vm, id=11084, stack(0x000000000a020000,0x000000000a120000)]
  0x0000000008ab3800 JavaThread "Attach Listener" daemon [_thread_blocked, id=9640, stack(0x0000000009f20000,0x000000000a020000)]
  0x0000000008ab0800 JavaThread "Signal Dispatcher" daemon [_thread_blocked, id=11832, stack(0x0000000009e20000,0x0000000009f20000)]
  0x0000000008a78800 JavaThread "Finalizer" daemon [_thread_blocked, id=11848, stack(0x0000000009d20000,0x0000000009e20000)]
  0x0000000008a73000 JavaThread "Reference Handler" daemon [_thread_blocked, id=11844, stack(0x0000000009c20000,0x0000000009d20000)]
  0x00000000012ad800 JavaThread "main" [_thread_in_Java, id=4424, stack(0x0000000002a20000,0x0000000002b20000)]

Other Threads:
  0x0000000008a71000 VMThread [stack: 0x0000000009b20000,0x0000000009c20000] [id=12020]
  0x0000000008ad3800 WatcherThread [stack: 0x000000000a320000,0x000000000a420000] [id=12032]

VM state:not at safepoint (normal execution)

VM Mutex/Monitor currently owned by a thread: None

Heap
 PSYoungGen      total 18432K, used 18301K [0x00000000eaa80000, 0x00000000ece80000, 0x0000000100000000)
  eden space 15872K, 99% used [0x00000000eaa80000,0x00000000eb9e5ac0,0x00000000eba00000)
  from space 2560K, 99% used [0x00000000ebc80000,0x00000000ebef9ad8,0x00000000ebf00000)
  to   space 2560K, 0% used [0x00000000eba00000,0x00000000eba00000,0x00000000ebc80000)
 ParOldGen       total 41472K, used 3467K [0x00000000c0000000, 0x00000000c2880000, 0x00000000eaa80000)
  object space 41472K, 8% used [0x00000000c0000000,0x00000000c0362de0,0x00000000c2880000)
 PSPermGen       total 21504K, used 5484K [0x00000000bae00000, 0x00000000bc300000, 0x00000000c0000000)
  object space 21504K, 25% used [0x00000000bae00000,0x00000000bb35b1d8,0x00000000bc300000)

Card table byte_map: [0x0000000005ce0000,0x0000000005f10000] byte_map_base: 0x0000000005709000

Polling page: 0x0000000001210000

Code Cache  [0x0000000002c20000, 0x0000000002e90000, 0x0000000005c20000)
 total_blobs=550 nmethods=316 adapters=186 free_code_cache=47888Kb largest_free_block=48999424

Compilation events (10 events):
Event: 3.919 Thread 0x0000000008ab6800 nmethod 311 0x0000000002d3d950 code [0x0000000002d3da80, 0x0000000002d3db18]
Event: 3.933 Thread 0x0000000008ab6800  312   !         com.android.dx.cf.code.BaseMachine::arg (36 bytes)
Event: 3.934 Thread 0x0000000008ab6800 nmethod 312 0x0000000002d3d690 code [0x0000000002d3d7c0, 0x0000000002d3d858]
Event: 3.936 Thread 0x0000000008ab6800  313   !         com.android.dx.cf.code.BytecodeArray::parseInstruction (2764 bytes)
Event: 4.008 Thread 0x0000000008ab4800 nmethod 300 0x0000000002d5d290 code [0x0000000002d5d680, 0x0000000002d608c0]
Event: 4.008 Thread 0x0000000008ab4800  314             com.android.dx.ssa.SsaRenamer$BlockRenamer$RenamingMapper::map (28 bytes)
Event: 4.010 Thread 0x0000000008ab4800 nmethod 314 0x0000000002d41110 code [0x0000000002d41260, 0x0000000002d41348]
Event: 4.010 Thread 0x0000000008ab4800  315             com.android.dx.ssa.SsaRenamer::setNameForSsaReg (54 bytes)
Event: 4.017 Thread 0x0000000008ab4800 nmethod 315 0x0000000002d40610 code [0x0000000002d407a0, 0x0000000002d40b90]
Event: 4.017 Thread 0x0000000008ab4800  316             com.android.dx.dex.code.RopTranslator$LocalVariableAwareTranslationVisitor::addIntroductionIfNecessary (30 bytes)

GC Heap History (4 events):
Event: 1.885 GC heap before
{Heap before GC invocations=1 (full 0):
 PSYoungGen      total 18432K, used 15872K [0x00000000eaa80000, 0x00000000ebf00000, 0x0000000100000000)
  eden space 15872K, 100% used [0x00000000eaa80000,0x00000000eba00000,0x00000000eba00000)
  from space 2560K, 0% used [0x00000000ebc80000,0x00000000ebc80000,0x00000000ebf00000)
  to   space 2560K, 0% used [0x00000000eba00000,0x00000000eba00000,0x00000000ebc80000)
 ParOldGen       total 41472K, used 0K [0x00000000c0000000, 0x00000000c2880000, 0x00000000eaa80000)
  object space 41472K, 0% used [0x00000000c0000000,0x00000000c0000000,0x00000000c2880000)
 PSPermGen       total 21504K, used 5330K [0x00000000bae00000, 0x00000000bc300000, 0x00000000c0000000)
  object space 21504K, 24% used [0x00000000bae00000,0x00000000bb334a20,0x00000000bc300000)
Event: 1.891 GC heap after
Heap after GC invocations=1 (full 0):
 PSYoungGen      total 18432K, used 2551K [0x00000000eaa80000, 0x00000000ebf00000, 0x0000000100000000)
  eden space 15872K, 0% used [0x00000000eaa80000,0x00000000eaa80000,0x00000000eba00000)
  from space 2560K, 99% used [0x00000000eba00000,0x00000000ebc7dc78,0x00000000ebc80000)
  to   space 2560K, 0% used [0x00000000ebc80000,0x00000000ebc80000,0x00000000ebf00000)
 ParOldGen       total 41472K, used 1453K [0x00000000c0000000, 0x00000000c2880000, 0x00000000eaa80000)
  object space 41472K, 3% used [0x00000000c0000000,0x00000000c016b488,0x00000000c2880000)
 PSPermGen       total 21504K, used 5330K [0x00000000bae00000, 0x00000000bc300000, 0x00000000c0000000)
  object space 21504K, 24% used [0x00000000bae00000,0x00000000bb334a20,0x00000000bc300000)
}
Event: 3.161 GC heap before
{Heap before GC invocations=2 (full 0):
 PSYoungGen      total 18432K, used 18423K [0x00000000eaa80000, 0x00000000ebf00000, 0x0000000100000000)
  eden space 15872K, 100% used [0x00000000eaa80000,0x00000000eba00000,0x00000000eba00000)
  from space 2560K, 99% used [0x00000000eba00000,0x00000000ebc7dc78,0x00000000ebc80000)
  to   space 2560K, 0% used [0x00000000ebc80000,0x00000000ebc80000,0x00000000ebf00000)
 ParOldGen       total 41472K, used 1453K [0x00000000c0000000, 0x00000000c2880000, 0x00000000eaa80000)
  object space 41472K, 3% used [0x00000000c0000000,0x00000000c016b488,0x00000000c2880000)
 PSPermGen       total 21504K, used 5449K [0x00000000bae00000, 0x00000000bc300000, 0x00000000c0000000)
  object space 21504K, 25% used [0x00000000bae00000,0x00000000bb352728,0x00000000bc300000)
Event: 3.190 GC heap after
Heap after GC invocations=2 (full 0):
 PSYoungGen      total 18432K, used 2534K [0x00000000eaa80000, 0x00000000ece80000, 0x0000000100000000)
  eden space 15872K, 0% used [0x00000000eaa80000,0x00000000eaa80000,0x00000000eba00000)
  from space 2560K, 99% used [0x00000000ebc80000,0x00000000ebef9ad8,0x00000000ebf00000)
  to   space 2560K, 0% used [0x00000000eba00000,0x00000000eba00000,0x00000000ebc80000)
 ParOldGen       total 41472K, used 3467K [0x00000000c0000000, 0x00000000c2880000, 0x00000000eaa80000)
  object space 41472K, 8% used [0x00000000c0000000,0x00000000c0362de0,0x00000000c2880000)
 PSPermGen       total 21504K, used 5449K [0x00000000bae00000, 0x00000000bc300000, 0x00000000c0000000)
  object space 21504K, 25% used [0x00000000bae00000,0x00000000bb352728,0x00000000bc300000)
}

Deoptimization events (10 events):
Event: 1.317 Thread 0x00000000012ad800 Uncommon trap: reason=class_check action=maybe_recompile pc=0x0000000002c92598 method=com.android.dx.ssa.NormalSsaInsn.accept(Lcom/android/dx/ssa/SsaInsn$Visitor;)V @ 9
Event: 1.318 Thread 0x00000000012ad800 Uncommon trap: reason=class_check action=maybe_recompile pc=0x0000000002c92598 method=com.android.dx.ssa.NormalSsaInsn.accept(Lcom/android/dx/ssa/SsaInsn$Visitor;)V @ 9
Event: 1.319 Thread 0x00000000012ad800 Uncommon trap: reason=class_check action=maybe_recompile pc=0x0000000002c92598 method=com.android.dx.ssa.NormalSsaInsn.accept(Lcom/android/dx/ssa/SsaInsn$Visitor;)V @ 9
Event: 1.348 Thread 0x00000000012ad800 Uncommon trap: reason=null_check action=make_not_entrant pc=0x0000000002c9abc8 method=com.android.dx.rop.code.LocalItem.equals(Ljava/lang/Object;)Z @ 1
Event: 1.857 Thread 0x00000000012ad800 Uncommon trap: reason=null_check action=make_not_entrant pc=0x0000000002c9db3c method=com.android.dx.ssa.SsaRenamer.getLocalForNewReg(I)Lcom/android/dx/rop/code/LocalItem; @ 19
Event: 2.514 Thread 0x00000000012ad800 Uncommon trap: reason=unreached action=reinterpret pc=0x0000000002caf484 method=com.android.dx.rop.cst.Constant.compareTo(Lcom/android/dx/rop/cst/Constant;)I @ 12
Event: 3.501 Thread 0x00000000012ad800 Uncommon trap: reason=bimorphic action=maybe_recompile pc=0x0000000002d2c7b4 method=com.android.dx.cf.code.BytecodeArray.parseInstruction(ILcom/android/dx/cf/code/BytecodeArray$Visitor;)I @ 2484
Event: 3.501 Thread 0x00000000012ad800 Uncommon trap: reason=bimorphic action=maybe_recompile pc=0x0000000002d2c7b4 method=com.android.dx.cf.code.BytecodeArray.parseInstruction(ILcom/android/dx/cf/code/BytecodeArray$Visitor;)I @ 2484
Event: 3.501 Thread 0x00000000012ad800 Uncommon trap: reason=bimorphic action=maybe_recompile pc=0x0000000002d2c7b4 method=com.android.dx.cf.code.BytecodeArray.parseInstruction(ILcom/android/dx/cf/code/BytecodeArray$Visitor;)I @ 2484
Event: 3.502 Thread 0x00000000012ad800 Uncommon trap: reason=bimorphic action=maybe_recompile pc=0x0000000002d2c7b4 method=com.android.dx.cf.code.BytecodeArray.parseInstruction(ILcom/android/dx/cf/code/BytecodeArray$Visitor;)I @ 2484

Internal exceptions (10 events):
Event: 1.043 Thread 0x00000000012ad800 Threw 0x00000000eb1375f0 at C:\re\jdk7u45\229\hotspot\src\share\vm\prims\jvm.cpp:1244
Event: 1.059 Thread 0x00000000012ad800 Threw 0x00000000eb1586e8 at C:\re\jdk7u45\229\hotspot\src\share\vm\prims\jvm.cpp:1244
Event: 1.136 Thread 0x00000000012ad800 Threw 0x00000000eb1cf340 at C:\re\jdk7u45\229\hotspot\src\share\vm\prims\jvm.cpp:1244
Event: 1.171 Thread 0x00000000012ad800 Threw 0x00000000eb214178 at C:\re\jdk7u45\229\hotspot\src\share\vm\prims\jvm.cpp:1244
Event: 1.172 Thread 0x00000000012ad800 Threw 0x00000000eb217a48 at C:\re\jdk7u45\229\hotspot\src\share\vm\prims\jvm.cpp:1244
Event: 1.233 Thread 0x00000000012ad800 Threw 0x00000000eb2a7240 at C:\re\jdk7u45\229\hotspot\src\share\vm\prims\jvm.cpp:1244
Event: 1.348 Thread 0x00000000012ad800 Implicit null exception at 0x0000000002c9a3e0 to 0x0000000002c9abad
Event: 1.471 Thread 0x00000000012ad800 Threw 0x00000000eb45fc60 at C:\re\jdk7u45\229\hotspot\src\share\vm\prims\jvm.cpp:1244
Event: 1.578 Thread 0x00000000012ad800 Threw 0x00000000eb5122d0 at C:\re\jdk7u45\229\hotspot\src\share\vm\prims\jvm.cpp:1244
Event: 1.857 Thread 0x00000000012ad800 Implicit null exception at 0x0000000002c9d188 to 0x0000000002c9db21

Events (10 events):
Event: 3.501 Thread 0x00000000012ad800 DEOPT UNPACKING pc=0x0000000002c575a4 sp=0x0000000002b1ec08 mode 2
Event: 3.501 Thread 0x00000000012ad800 Uncommon trap: trap_request=0xffffffc6 fr.pc=0x0000000002d2c7b4
Event: 3.501 Thread 0x00000000012ad800 DEOPT PACKING pc=0x0000000002d2c7b4 sp=0x0000000002b1ec70
Event: 3.501 Thread 0x00000000012ad800 DEOPT UNPACKING pc=0x0000000002c575a4 sp=0x0000000002b1ec08 mode 2
Event: 3.501 Thread 0x00000000012ad800 Uncommon trap: trap_request=0xffffffc6 fr.pc=0x0000000002d2c7b4
Event: 3.501 Thread 0x00000000012ad800 DEOPT PACKING pc=0x0000000002d2c7b4 sp=0x0000000002b1ed20
Event: 3.501 Thread 0x00000000012ad800 DEOPT UNPACKING pc=0x0000000002c575a4 sp=0x0000000002b1ecb8 mode 2
Event: 3.502 Thread 0x00000000012ad800 Uncommon trap: trap_request=0xffffffc6 fr.pc=0x0000000002d2c7b4
Event: 3.502 Thread 0x00000000012ad800 DEOPT PACKING pc=0x0000000002d2c7b4 sp=0x0000000002b1ed20
Event: 3.502 Thread 0x00000000012ad800 DEOPT UNPACKING pc=0x0000000002c575a4 sp=0x0000000002b1ecb8 mode 2


Dynamic libraries:
0x00007ff60e2a0000 - 0x00007ff60e2d3000 	C:\Program Files\Java\jdk1.7.0_45\bin\java.exe
0x00007ffac9770000 - 0x00007ffac9931000 	C:\WINDOWS\SYSTEM32\ntdll.dll
0x00007ffac96c0000 - 0x00007ffac976d000 	C:\WINDOWS\system32\KERNEL32.DLL
0x00007ffac6c60000 - 0x00007ffac6e3d000 	C:\WINDOWS\system32\KERNELBASE.dll
0x00007ffac8d90000 - 0x00007ffac8e36000 	C:\WINDOWS\system32\ADVAPI32.dll
0x00007ffac8960000 - 0x00007ffac89fd000 	C:\WINDOWS\system32\msvcrt.dll
0x00007ffac8a00000 - 0x00007ffac8a5b000 	C:\WINDOWS\system32\sechost.dll
0x00007ffac87d0000 - 0x00007ffac88f6000 	C:\WINDOWS\system32\RPCRT4.dll
0x00007ffac8e40000 - 0x00007ffac8f8e000 	C:\WINDOWS\system32\USER32.dll
0x00007ffac8f90000 - 0x00007ffac9116000 	C:\WINDOWS\system32\GDI32.dll
0x00007ffabfb80000 - 0x00007ffabfdf4000 	C:\WINDOWS\WinSxS\amd64_microsoft.windows.common-controls_6595b64144ccf1df_6.0.10240.16384_none_f41f7b285750ef43\COMCTL32.dll
0x00007ffac92f0000 - 0x00007ffac9326000 	C:\WINDOWS\system32\IMM32.DLL
0x00007ffac9120000 - 0x00007ffac927c000 	C:\WINDOWS\system32\MSCTF.dll
0x00007ffac6090000 - 0x00007ffac60c1000 	C:\Windows\system32\nvinitx.dll
0x00007ffac6080000 - 0x00007ffac608a000 	C:\WINDOWS\SYSTEM32\VERSION.dll
0x000000000f000000 - 0x000000000f006000 	C:\Program Files\NVIDIA Corporation\CoProcManager\_etoured.dll
0x00007ffac45f0000 - 0x00007ffac4622000 	C:\Program Files\NVIDIA Corporation\CoProcManager\nvd3d9wrapx.dll
0x00007ffac94e0000 - 0x00007ffac96a5000 	C:\WINDOWS\system32\SETUPAPI.dll
0x00007ffac6c10000 - 0x00007ffac6c54000 	C:\WINDOWS\system32\CFGMGR32.dll
0x00007ffac4870000 - 0x00007ffac4892000 	C:\Program Files\NVIDIA Corporation\CoProcManager\nvdxgiwrapx.dll
0x0000000058bf0000 - 0x0000000058cc2000 	C:\Program Files\Java\jdk1.7.0_45\jre\bin\msvcr100.dll
0x0000000057a10000 - 0x00000000581d9000 	C:\Program Files\Java\jdk1.7.0_45\jre\bin\server\jvm.dll
0x00007ffac6e40000 - 0x00007ffac6e48000 	C:\WINDOWS\system32\PSAPI.DLL
0x00007ffac0760000 - 0x00007ffac0769000 	C:\WINDOWS\SYSTEM32\WSOCK32.dll
0x00007ffac6f90000 - 0x00007ffac6ff9000 	C:\WINDOWS\system32\WS2_32.dll
0x00007ffac87c0000 - 0x00007ffac87c8000 	C:\WINDOWS\system32\NSI.dll
0x00007ffac47a0000 - 0x00007ffac47c3000 	C:\WINDOWS\SYSTEM32\WINMM.dll
0x00007ffac4770000 - 0x00007ffac479c000 	C:\WINDOWS\SYSTEM32\WINMMBASE.dll
0x00007ffac4ac0000 - 0x00007ffac4ae7000 	C:\WINDOWS\SYSTEM32\DEVOBJ.dll
0x000000005a490000 - 0x000000005a49f000 	C:\Program Files\Java\jdk1.7.0_45\jre\bin\verify.dll
0x0000000059af0000 - 0x0000000059b18000 	C:\Program Files\Java\jdk1.7.0_45\jre\bin\java.dll
0x0000000059b40000 - 0x0000000059b55000 	C:\Program Files\Java\jdk1.7.0_45\jre\bin\zip.dll
0x0000000059ad0000 - 0x0000000059ae9000 	C:\Program Files\Java\jdk1.7.0_45\jre\bin\net.dll
0x00007ffac59c0000 - 0x00007ffac5a1d000 	C:\WINDOWS\system32\mswsock.dll
0x0000000059ab0000 - 0x0000000059ac1000 	C:\Program Files\Java\jdk1.7.0_45\jre\bin\nio.dll

VM Arguments:
jvm_args: -Djava.awt.headless=true -Xmx1024M -Dfile.encoding=windows-1250 -Duser.country=US -Duser.language=en -Duser.variant 
java_command: com.android.dx.command.Main --dex --output C:\Users\Ivo\AndroidStudioProjects\MsSQLApp\app\build\intermediates\pre-dexed\debug\com.android.support-recyclerview-v7-22.2.0_be10b0cb33ca9605824d4a149d9084d82e6797c7.jar C:\Users\Ivo\AndroidStudioProjects\MsSQLApp\app\build\intermediates\exploded-aar\com.android.support\recyclerview-v7\22.2.0\jars\classes.jar
Launcher Type: SUN_STANDARD

Environment Variables:
JAVA_HOME=C:\Program Files\Java\jdk1.7.0_45
PATH=C:\Program Files (x86)\PC Connectivity Solution\;C:\Program Files (x86)\NVIDIA Corporation\PhysX\Common;C:\Windows\system32;C:\Windows;C:\Windows\System32\Wbem;C:\Windows\System32\WindowsPowerShell\v1.0\;C:\Program Files (x86)\Windows Kits\8.1\Windows Performance Toolkit\;C:\Program Files (x86)\Microsoft SDKs\TypeScript\1.0\;C:\Program Files\Microsoft SQL Server\120\Tools\Binn\;C:\opencv\build\\x64\vc12\bin ;D:\nodejs\;C:\Users\Ivo\AppData\Local\GitHub\PortableGit_c2ba306e536fdf878271f7fe636a147ff37326ad\bin;C:\WINDOWS\system32;C:\WINDOWS;C:\WINDOWS\System32\Wbem;C:\WINDOWS\System32\WindowsPowerShell\v1.0\;C:\Program Files (x86)\Skype\Phone\;C:\Program Files (x86)\Common Files\lenovo\easyplussdk\bin;C:\Program Files\Microsoft SQL Server\110\DTS\Binn\;C:\Program Files (x86)\Microsoft SQL Server\110\Tools\Binn\;C:\Program Files\Microsoft SQL Server\110\Tools\Binn\;C:\Program Files (x86)\Microsoft SQL Server\110\Tools\Binn\ManagementStudio\;C:\Program Files (x86)\Microsoft Visual Studio 10.0\Common7\IDE\PrivateAssemblies\;C:\Program Files (x86)\Microsoft SQL Server\110\DTS\Binn\;C:\opencv\build\x64\vc12\bin;C:\Users\Ivo\AppData\Roaming\npm
USERNAME=Ivo
OS=Windows_NT
PROCESSOR_IDENTIFIER=Intel64 Family 6 Model 58 Stepping 9, GenuineIntel



---------------  S Y S T E M  ---------------

OS: Windows 8 , 64 bit Build 9200 

CPU:total 4 (2 cores per cpu, 2 threads per core) family 6 model 58 stepping 9, cmov, cx8, fxsr, mmx, sse, sse2, sse3, ssse3, sse4.1, sse4.2, popcnt, avx, aes, erms, ht, tsc, tscinvbit, tscinv

Memory: 4k page, physical 4008296k(311460k free), swap 6278928k(9684k free)

vm_info: Java HotSpot(TM) 64-Bit Server VM (24.45-b08) for windows-amd64 JRE (1.7.0_45-b18), built on Oct  8 2013 05:47:22 by "java_re" with unknown MS VC++:1600

time: Sun Dec 13 12:08:19 2015
elapsed time: 4 seconds

