#
# There is insufficient memory for the Java Runtime Environment to continue.
# Native memory allocation (malloc) failed to allocate 1048576 bytes for AllocateHeap
# Possible reasons:
#   The system is out of physical RAM or swap space
#   In 32 bit mode, the process size limit was hit
# Possible solutions:
#   Reduce memory load on the system
#   Increase physical memory or swap space
#   Check if swap backing store is full
#   Use 64 bit Java on a 64 bit OS
#   Decrease Java heap size (-Xmx/-Xms)
#   Decrease number of Java threads
#   Decrease Java thread stack sizes (-Xss)
#   Set larger code cache with -XX:ReservedCodeCacheSize=
# This output file may be truncated or incomplete.
#
#  Out of Memory Error (memory/allocation.inline.hpp:61), pid=11832, tid=12076
#
# JRE version:  (7.0_45-b18) (build )
# Java VM: Java HotSpot(TM) 64-Bit Server VM (24.45-b08 mixed mode windows-amd64 compressed oops)
# Failed to write core dump. Minidumps are not enabled by default on client versions of Windows
#

---------------  T H R E A D  ---------------

Current thread (0x0000000002d7d800):  JavaThread "Unknown thread" [_thread_in_vm, id=12076, stack(0x0000000002a80000,0x0000000002b80000)]

Stack: [0x0000000002a80000,0x0000000002b80000]

---------------  P R O C E S S  ---------------

Java Threads: ( => current thread )

Other Threads:

=>0x0000000002d7d800 (exited) JavaThread "Unknown thread" [_thread_in_vm, id=12076, stack(0x0000000002a80000,0x0000000002b80000)]

VM state:not at safepoint (normal execution)

VM Mutex/Monitor currently owned by a thread: None

Heap
 PSYoungGen      total 18432K, used 317K [0x00000000eaa80000, 0x00000000ebf00000, 0x0000000100000000)
  eden space 15872K, 2% used [0x00000000eaa80000,0x00000000eaacf630,0x00000000eba00000)
  from space 2560K, 0% used [0x00000000ebc80000,0x00000000ebc80000,0x00000000ebf00000)
  to   space 2560K, 0% used [0x00000000eba00000,0x00000000eba00000,0x00000000ebc80000)
 ParOldGen       total 41472K, used 0K [0x00000000c0000000, 0x00000000c2880000, 0x00000000eaa80000)
  object space 41472K, 0% used [0x00000000c0000000,0x00000000c0000000,0x00000000c2880000)
 PSPermGen       total 21504K, used 673K [0x00000000bae00000, 0x00000000bc300000, 0x00000000c0000000)
  object space 21504K, 3% used [0x00000000bae00000,0x00000000baea8570,0x00000000bc300000)

Card table byte_map: [0x0000000005e40000,0x0000000006070000] byte_map_base: 0x0000000005869000

Polling page: 0x0000000001020000

Code Cache  [0x0000000002d80000, 0x0000000002ff0000, 0x0000000005d80000)
 total_blobs=38 nmethods=0 adapters=20 free_code_cache=48889Kb largest_free_block=50062528

Compilation events (0 events):
No events

GC Heap History (0 events):
No events

Deoptimization events (0 events):
No events

Internal exceptions (0 events):
No events

Events (10 events):
Event: 0.027 loading class 0x0000000002c472d0
Event: 0.027 loading class 0x0000000002c472d0 done
Event: 0.027 loading class 0x0000000002c47320
Event: 0.027 loading class 0x0000000002c47320 done
Event: 0.027 loading class 0x0000000002c47370
Event: 0.027 loading class 0x0000000002c47370 done
Event: 0.028 loading class 0x0000000002c480d0
Event: 0.028 loading class 0x0000000002c480d0 done
Event: 0.028 loading class 0x0000000002c47cf0
Event: 0.028 loading class 0x0000000002c47cf0 done


Dynamic libraries:
0x00007ff60e2a0000 - 0x00007ff60e2d3000 	C:\Program Files\Java\jdk1.7.0_45\bin\java.exe
0x00007ffac9770000 - 0x00007ffac9931000 	C:\WINDOWS\SYSTEM32\ntdll.dll
0x00007ffac96c0000 - 0x00007ffac976d000 	C:\WINDOWS\system32\KERNEL32.DLL
0x00007ffac6c60000 - 0x00007ffac6e3d000 	C:\WINDOWS\system32\KERNELBASE.dll
0x00007ffac8d90000 - 0x00007ffac8e36000 	C:\WINDOWS\system32\ADVAPI32.dll
0x00007ffac8960000 - 0x00007ffac89fd000 	C:\WINDOWS\system32\msvcrt.dll
0x00007ffac8a00000 - 0x00007ffac8a5b000 	C:\WINDOWS\system32\sechost.dll
0x00007ffac87d0000 - 0x00007ffac88f6000 	C:\WINDOWS\system32\RPCRT4.dll
0x00007ffac8e40000 - 0x00007ffac8f8e000 	C:\WINDOWS\system32\USER32.dll
0x00007ffac8f90000 - 0x00007ffac9116000 	C:\WINDOWS\system32\GDI32.dll
0x00007ffabfb80000 - 0x00007ffabfdf4000 	C:\WINDOWS\WinSxS\amd64_microsoft.windows.common-controls_6595b64144ccf1df_6.0.10240.16384_none_f41f7b285750ef43\COMCTL32.dll
0x00007ffac92f0000 - 0x00007ffac9326000 	C:\WINDOWS\system32\IMM32.DLL
0x00007ffac9120000 - 0x00007ffac927c000 	C:\WINDOWS\system32\MSCTF.dll
0x00007ffac6090000 - 0x00007ffac60c1000 	C:\Windows\system32\nvinitx.dll
0x00007ffac6080000 - 0x00007ffac608a000 	C:\WINDOWS\SYSTEM32\VERSION.dll
0x000000000f000000 - 0x000000000f006000 	C:\Program Files\NVIDIA Corporation\CoProcManager\_etoured.dll
0x00007ffac45f0000 - 0x00007ffac4622000 	C:\Program Files\NVIDIA Corporation\CoProcManager\nvd3d9wrapx.dll
0x00007ffac94e0000 - 0x00007ffac96a5000 	C:\WINDOWS\system32\SETUPAPI.dll
0x00007ffac6c10000 - 0x00007ffac6c54000 	C:\WINDOWS\system32\CFGMGR32.dll
0x00007ffac4870000 - 0x00007ffac4892000 	C:\Program Files\NVIDIA Corporation\CoProcManager\nvdxgiwrapx.dll
0x0000000058bf0000 - 0x0000000058cc2000 	C:\Program Files\Java\jdk1.7.0_45\jre\bin\msvcr100.dll
0x0000000057a10000 - 0x00000000581d9000 	C:\Program Files\Java\jdk1.7.0_45\jre\bin\server\jvm.dll
0x00007ffac6e40000 - 0x00007ffac6e48000 	C:\WINDOWS\system32\PSAPI.DLL
0x00007ffac0760000 - 0x00007ffac0769000 	C:\WINDOWS\SYSTEM32\WSOCK32.dll
0x00007ffac6f90000 - 0x00007ffac6ff9000 	C:\WINDOWS\system32\WS2_32.dll
0x00007ffac87c0000 - 0x00007ffac87c8000 	C:\WINDOWS\system32\NSI.dll
0x00007ffac47a0000 - 0x00007ffac47c3000 	C:\WINDOWS\SYSTEM32\WINMM.dll
0x00007ffac4770000 - 0x00007ffac479c000 	C:\WINDOWS\SYSTEM32\WINMMBASE.dll
0x00007ffac4ac0000 - 0x00007ffac4ae7000 	C:\WINDOWS\SYSTEM32\DEVOBJ.dll
0x000000005a490000 - 0x000000005a49f000 	C:\Program Files\Java\jdk1.7.0_45\jre\bin\verify.dll
0x0000000059af0000 - 0x0000000059b18000 	C:\Program Files\Java\jdk1.7.0_45\jre\bin\java.dll
0x0000000059b40000 - 0x0000000059b55000 	C:\Program Files\Java\jdk1.7.0_45\jre\bin\zip.dll

VM Arguments:
jvm_args: -Xmx1024M -Dfile.encoding=windows-1250 -Duser.country=US -Duser.language=en -Duser.variant 
java_command: com.android.dx.command.Main --dex --output C:\Users\Ivo\AndroidStudioProjects\MsSQLApp\app\build\intermediates\pre-dexed\debug\internal_impl-22.2.0-27053949669cacb4d740f2e6a000e73c44f3a45a.jar C:\Users\Ivo\AndroidStudioProjects\MsSQLApp\app\build\intermediates\exploded-aar\com.android.support\support-v4\22.2.0\jars\libs\internal_impl-22.2.0.jar
Launcher Type: SUN_STANDARD

Environment Variables:
JAVA_HOME=C:\Program Files\Java\jdk1.7.0_45
PATH=C:\Program Files (x86)\PC Connectivity Solution\;C:\Program Files (x86)\NVIDIA Corporation\PhysX\Common;C:\Windows\system32;C:\Windows;C:\Windows\System32\Wbem;C:\Windows\System32\WindowsPowerShell\v1.0\;C:\Program Files (x86)\Windows Kits\8.1\Windows Performance Toolkit\;C:\Program Files (x86)\Microsoft SDKs\TypeScript\1.0\;C:\Program Files\Microsoft SQL Server\120\Tools\Binn\;C:\opencv\build\\x64\vc12\bin ;D:\nodejs\;C:\Users\Ivo\AppData\Local\GitHub\PortableGit_c2ba306e536fdf878271f7fe636a147ff37326ad\bin;C:\WINDOWS\system32;C:\WINDOWS;C:\WINDOWS\System32\Wbem;C:\WINDOWS\System32\WindowsPowerShell\v1.0\;C:\Program Files (x86)\Skype\Phone\;C:\Program Files (x86)\Common Files\lenovo\easyplussdk\bin;C:\Program Files\Microsoft SQL Server\110\DTS\Binn\;C:\Program Files (x86)\Microsoft SQL Server\110\Tools\Binn\;C:\Program Files\Microsoft SQL Server\110\Tools\Binn\;C:\Program Files (x86)\Microsoft SQL Server\110\Tools\Binn\ManagementStudio\;C:\Program Files (x86)\Microsoft Visual Studio 10.0\Common7\IDE\PrivateAssemblies\;C:\Program Files (x86)\Microsoft SQL Server\110\DTS\Binn\;C:\opencv\build\x64\vc12\bin;C:\Users\Ivo\AppData\Roaming\npm
USERNAME=Ivo
OS=Windows_NT
PROCESSOR_IDENTIFIER=Intel64 Family 6 Model 58 Stepping 9, GenuineIntel



---------------  S Y S T E M  ---------------

OS: Windows 8 , 64 bit Build 9200 

CPU:total 4 (2 cores per cpu, 2 threads per core) family 6 model 58 stepping 9, cmov, cx8, fxsr, mmx, sse, sse2, sse3, ssse3, sse4.1, sse4.2, popcnt, avx, aes, erms, ht, tsc, tscinvbit, tscinv

Memory: 4k page, physical 4008296k(440540k free), swap 6278928k(30396k free)

vm_info: Java HotSpot(TM) 64-Bit Server VM (24.45-b08) for windows-amd64 JRE (1.7.0_45-b18), built on Oct  8 2013 05:47:22 by "java_re" with unknown MS VC++:1600

time: Sun Dec 13 12:17:16 2015
elapsed time: 0 seconds

